<?xml version="1.0" encoding="UTF-8"?>
<testsuite name="su.grinev.BasePoolConcurrencyTest" tests="3" skipped="0" failures="0" errors="0" timestamp="2026-04-10T08:45:44.798Z" hostname="DESKTOP-TO4TRQ5" time="0.587">
  <properties/>
  <testcase name="virtualThreads_noDeadlock()" classname="su.grinev.BasePoolConcurrencyTest" time="0.245"/>
  <testcase name="multipleGetRelease_poolReusesObjects()" classname="su.grinev.BasePoolConcurrencyTest" time="0.0"/>
  <testcase name="highContention_noDeadlock()" classname="su.grinev.BasePoolConcurrencyTest" time="0.34"/>
  <system-out><![CDATA[]]></system-out>
  <system-err><![CDATA[]]></system-err>
</testsuite>
